4
1684924351952, 3, ACQUIRED_RESOURCE, 3
1684924351952, 4, ACQUIRED_RESOURCE, 2
1684924352952, 0, ACQUIRED_RESOURCE, 1
1684924352952, 2, ACQUIRED_RESOURCE, 0
1684924353952, 1, WAIT_ON_RESOURCE, 0
1684924353952, 3, RELEASED_RESOURCE, 1
1684924353952, 1, ACQUIRED_RESOURCE, 0
1684924354952, 0, RELEASED_RESOURCE, 1
1684924354952, 3, ACQUIRED_RESOURCE, 0
1684924355952, 2, RELEASED_RESOURCE, 1
1684924356952, 0, ACQUIRED_RESOURCE, 0
1684924356952, 4, RELEASED_RESOURCE, 1
1684924357953, 1, RELEASED_RESOURCE, 2
1684924358952, 3, RELEASED_RESOURCE, 3
1684924358952, 4, ACQUIRED_RESOURCE, 2
1684924358953, 2, ACQUIRED_RESOURCE, 1
1684924359953, 0, RELEASED_RESOURCE, 2
1684924360953, 2, RELEASED_RESOURCE, 3
1684924360953, 1, ACQUIRED_RESOURCE, 2
1684924361953, 3, ACQUIRED_RESOURCE, 1
1684924361953, 2, ACQUIRED_RESOURCE, 0
1684924361953, 4, RELEASED_RESOURCE, 1
1684924362953, 0, ACQUIRED_RESOURCE, 0
1684924362953, 1, RELEASED_RESOURCE, 1
1684924363953, 1, ACQUIRED_RESOURCE, 0
1684924363953, 3, RELEASED_RESOURCE, 1
1684924364953, 4, ACQUIRED_RESOURCE, 0
1684924364953, 0, RELEASED_RESOURCE, 1
1684924365953, 2, RELEASED_RESOURCE, 2
1684924366953, 4, RELEASED_RESOURCE, 3
1684924367953, 1, RELEASED_RESOURCE, 4
